<?xml version="1.0" encoding="utf-8"?><testsuites name="pytest tests"><testsuite name="pytest" errors="0" failures="0" skipped="0" tests="6" time="0.033" timestamp="2026-05-21T01:14:00.573390-04:00" hostname="1b83b87a4b61"><testcase classname="tests.anti_dory.test_b6_e6_signature_dry_run.TestB6E6DryRun" name="test_sign_dummy_file" time="0.003" /><testcase classname="tests.anti_dory.test_b6_e6_signature_dry_run.TestB6E6DryRun" name="test_verify_dummy_signature" time="0.003" /><testcase classname="tests.anti_dory.test_b6_e6_signature_dry_run.TestB6E6DryRun" name="test_tampered_file_fails_verification" time="0.003" /><testcase classname="tests.anti_dory.test_b6_e6_signature_dry_run.TestRealPublicKeyIntegrity" name="test_real_public_key_exists" time="0.000" /><testcase classname="tests.anti_dory.test_b6_e6_signature_dry_run.TestRealPublicKeyIntegrity" name="test_real_public_key_sha256" time="0.000" /><testcase classname="tests.anti_dory.test_b6_e6_signature_dry_run.TestRealPublicKeyIntegrity" name="test_real_public_key_format" time="0.000" /></testsuite></testsuites>