<?xml version="1.0" encoding="utf-8"?><testsuites name="pytest tests"><testsuite name="pytest" errors="0" failures="0" skipped="0" tests="14" time="0.039" timestamp="2026-05-21T01:13:59.788983-04:00" hostname="1b83b87a4b61"><testcase classname="tests.anti_dory.test_b9_authority_matrix.TestB9_1_AllAgreeAllow" name="test_unanimous_allow" time="0.001" /><testcase classname="tests.anti_dory.test_b9_authority_matrix.TestB9_2_AllAgreeDeny" name="test_unanimous_deny" time="0.001" /><testcase classname="tests.anti_dory.test_b9_authority_matrix.TestB9_3_AllAgreeHalt" name="test_unanimous_halt" time="0.001" /><testcase classname="tests.anti_dory.test_b9_authority_matrix.TestB9_4_AllAgreeWait" name="test_unanimous_wait_becomes_awaiting_guardian" time="0.001" /><testcase classname="tests.anti_dory.test_b9_authority_matrix.TestB9_5_MementoOverridesVerificador" name="test_memento_deny_overrides_verificador_allow" time="0.001" /><testcase classname="tests.anti_dory.test_b9_authority_matrix.TestB9_6_GuardianCannotOverrideWithoutT1" name="test_guardian_allow_cannot_override_verificador_deny" time="0.001" /><testcase classname="tests.anti_dory.test_b9_authority_matrix.TestB9_7_T1Override" name="test_t1_overrides_verificador_deny" time="0.001" /><testcase classname="tests.anti_dory.test_b9_authority_matrix.TestB9_7_T1Override" name="test_t1_override_logs_correctly" time="0.001" /><testcase classname="tests.anti_dory.test_b9_authority_matrix.TestB9_8_VerificadorDegraded" name="test_verificador_timeout" time="0.000" /><testcase classname="tests.anti_dory.test_b9_authority_matrix.TestB9_8_VerificadorDegraded" name="test_verificador_none" time="0.000" /><testcase classname="tests.anti_dory.test_b9_authority_matrix.TestB9_9_MementoDegraded" name="test_memento_timeout" time="0.000" /><testcase classname="tests.anti_dory.test_b9_authority_matrix.TestB9_9_MementoDegraded" name="test_memento_none" time="0.000" /><testcase classname="tests.anti_dory.test_b9_authority_matrix.TestB9_10_GuardianDegraded" name="test_guardian_timeout" time="0.000" /><testcase classname="tests.anti_dory.test_b9_authority_matrix.TestB9_10_GuardianDegraded" name="test_guardian_none" time="0.000" /></testsuite></testsuites>