<?xml version="1.0" encoding="utf-8"?><testsuites name="pytest tests"><testsuite name="pytest" errors="0" failures="0" skipped="0" tests="257" time="0.542" timestamp="2026-05-21T05:22:01.664880-04:00" hostname="1b83b87a4b61"><testcase classname="tests.anti_dory.test_b10_guardian_cron.TestFeatureFlag" name="test_disabled_by_default" time="0.001" /><testcase classname="tests.anti_dory.test_b10_guardian_cron.TestFeatureFlag" name="test_flag_has_reason" time="0.001" /><testcase classname="tests.anti_dory.test_b10_guardian_cron.TestActivation" name="test_activate_changes_status" time="0.001" /><testcase classname="tests.anti_dory.test_b10_guardian_cron.TestActivation" name="test_activate_requires_identity" time="0.001" /><testcase classname="tests.anti_dory.test_b10_guardian_cron.TestActivation" name="test_activate_whitespace_raises" time="0.000" /><testcase classname="tests.anti_dory.test_b10_guardian_cron.TestActivation" name="test_deactivate" time="0.001" /><testcase classname="tests.anti_dory.test_b10_guardian_cron.TestRegisterCheck" name="test_register_check" time="0.001" /><testcase classname="tests.anti_dory.test_b10_guardian_cron.TestRegisterCheck" name="test_register_with_handler" time="0.001" /><testcase classname="tests.anti_dory.test_b10_guardian_cron.TestIsCheckDue" name="test_never_run_is_due" time="0.000" /><testcase classname="tests.anti_dory.test_b10_guardian_cron.TestIsCheckDue" name="test_recently_run_not_due" time="0.000" /><testcase classname="tests.anti_dory.test_b10_guardian_cron.TestIsCheckDue" name="test_old_run_is_due" time="0.000" /><testcase classname="tests.anti_dory.test_b10_guardian_cron.TestIsCheckDue" name="test_disabled_check_not_due" time="0.000" /><testcase classname="tests.anti_dory.test_b10_guardian_cron.TestRunCycle" name="test_disabled_raises" time="0.001" /><testcase classname="tests.anti_dory.test_b10_guardian_cron.TestRunCycle" name="test_run_with_passing_handler" time="0.000" /><testcase classname="tests.anti_dory.test_b10_guardian_cron.TestRunCycle" name="test_run_with_failing_handler" time="0.001" /><testcase classname="tests.anti_dory.test_b10_guardian_cron.TestRunCycle" name="test_run_with_exception_handler" time="0.000" /><testcase classname="tests.anti_dory.test_b10_guardian_cron.TestRunCycle" name="test_run_with_no_handler_skips" time="0.001" /><testcase classname="tests.anti_dory.test_b10_guardian_cron.TestRunCycle" name="test_run_history_tracked" time="0.000" /><testcase classname="tests.anti_dory.test_b10_guardian_cron.TestRunCycle" name="test_warn_result" time="0.000" /><testcase classname="tests.anti_dory.test_b10_guardian_cron.TestGuardianRunResult" name="test_overall_healthy_no_failures" time="0.000" /><testcase classname="tests.anti_dory.test_b10_guardian_cron.TestGuardianRunResult" name="test_overall_unhealthy_with_failure" time="0.000" /><testcase classname="tests.anti_dory.test_b1_anchor_store.TestGetAnchor" name="test_get_existing_anchor" time="0.004" /><testcase classname="tests.anti_dory.test_b1_anchor_store.TestGetAnchor" name="test_get_nonexistent_anchor" time="0.003" /><testcase classname="tests.anti_dory.test_b1_anchor_store.TestListAnchors" name="test_list_returns_anchors" time="0.003" /><testcase classname="tests.anti_dory.test_b1_anchor_store.TestListAnchors" name="test_list_empty" time="0.003" /><testcase classname="tests.anti_dory.test_b1_anchor_store.TestSearchAnchors" name="test_search_finds_matches" time="0.020" /><testcase classname="tests.anti_dory.test_b1_anchor_store.TestSearchAnchors" name="test_search_no_matches" time="0.003" /><testcase classname="tests.anti_dory.test_b1_anchor_store.TestInsertAnchor" name="test_insert_valid_anchor" time="0.002" /><testcase classname="tests.anti_dory.test_b1_anchor_store.TestInsertAnchor" name="test_insert_without_signature_raises" time="0.001" /><testcase classname="tests.anti_dory.test_b1_anchor_store.TestInsertAnchor" name="test_insert_whitespace_signature_raises" time="0.001" /><testcase classname="tests.anti_dory.test_b1_anchor_store.TestInsertAnchor" name="test_insert_duplicate_raises" time="0.002" /><testcase classname="tests.anti_dory.test_b1_anchor_store.TestCountAnchors" name="test_count_returns_number" time="0.002" /><testcase classname="tests.anti_dory.test_b1_anchor_store.TestCountAnchors" name="test_count_returns_zero" time="0.002" /><testcase classname="tests.anti_dory.test_b1_anchor_store.TestNoClientError" name="test_no_client_raises_on_operation" time="0.001" /><testcase classname="tests.anti_dory.test_b1_anchor_store.TestRowToAnchor" name="test_conversion" time="0.000" /><testcase classname="tests.anti_dory.test_b1_anchor_store.TestRowToAnchor" name="test_none_canon_source" time="0.000" /><testcase classname="tests.anti_dory.test_b2_claim_vg.TestClaimExtractor" name="test_extract_claims_from_text" time="0.000" /><testcase classname="tests.anti_dory.test_b2_claim_vg.TestClaimExtractor" name="test_extract_empty_text" time="0.000" /><testcase classname="tests.anti_dory.test_b2_claim_vg.TestClaimExtractor" name="test_extract_no_claims" time="0.000" /><testcase classname="tests.anti_dory.test_b2_claim_vg.TestClaimExtractor" name="test_extract_multiple_claims" time="0.001" /><testcase classname="tests.anti_dory.test_b2_claim_vg.TestClaimExtractor" name="test_claim_indicators_detected" time="0.001" /><testcase classname="tests.anti_dory.test_b2_claim_vg.TestClaimVerificationGate" name="test_empty_text_passes" time="0.001" /><testcase classname="tests.anti_dory.test_b2_claim_vg.TestClaimVerificationGate" name="test_claim_with_matching_anchor_passes" time="0.002" /><testcase classname="tests.anti_dory.test_b2_claim_vg.TestClaimVerificationGate" name="test_claim_without_anchor_escalates" time="0.001" /><testcase classname="tests.anti_dory.test_b2_claim_vg.TestClaimVerificationGate" name="test_no_store_escalates_all" time="0.000" /><testcase classname="tests.anti_dory.test_b2_claim_vg.TestClaimVerificationGate" name="test_error_on_exception" time="0.001" /><testcase classname="tests.anti_dory.test_b2_claim_vg.TestClaimVerificationGate" name="test_reject_overrides_escalate" time="0.002" /><testcase classname="tests.anti_dory.test_b2_claim_vg.TestClaimVerificationGate" name="test_all_pass" time="0.001" /><testcase classname="tests.anti_dory.test_b2_claim_vg.TestGateResult" name="test_total_property" time="0.000" /><testcase classname="tests.anti_dory.test_b2_claim_vg.TestGateResult" name="test_empty_result" time="0.000" /><testcase classname="tests.anti_dory.test_b2_claim_vg.TestVerifyText" name="test_full_pipeline" time="0.002" /><testcase classname="tests.anti_dory.test_b3_plan_ledger.TestComputePlanHash" name="test_deterministic" time="0.000" /><testcase classname="tests.anti_dory.test_b3_plan_ledger.TestComputePlanHash" name="test_different_inputs_different_hash" time="0.000" /><testcase classname="tests.anti_dory.test_b3_plan_ledger.TestComputePlanHash" name="test_hash_length" time="0.000" /><testcase classname="tests.anti_dory.test_b3_plan_ledger.TestCreatePlan" name="test_create_without_delegation" time="0.002" /><testcase classname="tests.anti_dory.test_b3_plan_ledger.TestCreatePlan" name="test_create_with_delegation" time="0.002" /><testcase classname="tests.anti_dory.test_b3_plan_ledger.TestCreatePlan" name="test_create_duplicate_raises" time="0.003" /><testcase classname="tests.anti_dory.test_b3_plan_ledger.TestGetPlan" name="test_get_existing" time="0.003" /><testcase classname="tests.anti_dory.test_b3_plan_ledger.TestGetPlan" name="test_get_not_found" time="0.003" /><testcase classname="tests.anti_dory.test_b3_plan_ledger.TestTransitionStatus" name="test_valid_transition_created_to_in_progress" time="0.004" /><testcase classname="tests.anti_dory.test_b3_plan_ledger.TestTransitionStatus" name="test_invalid_transition_completed_to_created" time="0.003" /><testcase classname="tests.anti_dory.test_b3_plan_ledger.TestTransitionStatus" name="test_invalid_transition_failed_to_in_progress" time="0.003" /><testcase classname="tests.anti_dory.test_b3_plan_ledger.TestListPlans" name="test_list_all" time="0.003" /><testcase classname="tests.anti_dory.test_b3_plan_ledger.TestListPlans" name="test_list_with_status_filter" time="0.005" /><testcase classname="tests.anti_dory.test_b3_plan_ledger.TestValidTransitions" name="test_terminal_states_have_no_transitions" time="0.000" /><testcase classname="tests.anti_dory.test_b3_plan_ledger.TestValidTransitions" name="test_created_can_delegate" time="0.000" /><testcase classname="tests.anti_dory.test_b3_plan_ledger.TestValidTransitions" name="test_all_states_covered" time="0.000" /><testcase classname="tests.anti_dory.test_b3_plan_ledger.TestNoClient" name="test_raises_without_client" time="0.000" /><testcase classname="tests.anti_dory.test_b4_memento.TestComputeContentHash" name="test_deterministic" time="0.000" /><testcase classname="tests.anti_dory.test_b4_memento.TestComputeContentHash" name="test_different_content_different_hash" time="0.000" /><testcase classname="tests.anti_dory.test_b4_memento.TestComputeContentHash" name="test_sha256_length" time="0.000" /><testcase classname="tests.anti_dory.test_b4_memento.TestValidateMemory" name="test_valid_memory_passes" time="0.001" /><testcase classname="tests.anti_dory.test_b4_memento.TestValidateMemory" name="test_expired_memory_detected" time="0.001" /><testcase classname="tests.anti_dory.test_b4_memento.TestValidateMemory" name="test_corrupted_hash_detected" time="0.001" /><testcase classname="tests.anti_dory.test_b4_memento.TestValidateMemory" name="test_empty_content_corrupted" time="0.001" /><testcase classname="tests.anti_dory.test_b4_memento.TestValidateMemory" name="test_stale_memory_detected" time="0.001" /><testcase classname="tests.anti_dory.test_b4_memento.TestIsMemoryExpired" name="test_fresh_memory_not_expired" time="0.001" /><testcase classname="tests.anti_dory.test_b4_memento.TestIsMemoryExpired" name="test_old_memory_expired" time="0.001" /><testcase classname="tests.anti_dory.test_b4_memento.TestIsMemoryExpired" name="test_default_ttl_used_when_none" time="0.001" /><testcase classname="tests.anti_dory.test_b4_memento.TestFetchContext" name="test_no_store_returns_empty" time="0.000" /><testcase classname="tests.anti_dory.test_b4_memento.TestFetchContext" name="test_fetch_and_validate" time="0.001" /><testcase classname="tests.anti_dory.test_b4_memento.TestCheckDrift" name="test_all_valid" time="0.001" /><testcase classname="tests.anti_dory.test_b4_memento.TestCheckDrift" name="test_mixed_results" time="0.001" /><testcase classname="tests.anti_dory.test_b4_memento.TestMementoContext" name="test_health_ratio_all_valid" time="0.000" /><testcase classname="tests.anti_dory.test_b4_memento.TestMementoContext" name="test_health_ratio_half" time="0.000" /><testcase classname="tests.anti_dory.test_b4_memento.TestMementoContext" name="test_health_ratio_empty" time="0.000" /><testcase classname="tests.anti_dory.test_b6_e6_verification_harness.TestIsMinisignAvailable" name="test_returns_bool" time="0.001" /><testcase classname="tests.anti_dory.test_b6_e6_verification_harness.TestIsMinisignAvailable" name="test_available_when_installed" time="0.001" /><testcase classname="tests.anti_dory.test_b6_e6_verification_harness.TestIsMinisignAvailable" name="test_not_available_when_missing" time="0.001" /><testcase classname="tests.anti_dory.test_b6_e6_verification_harness.TestComputeFileHash" name="test_deterministic" time="0.001" /><testcase classname="tests.anti_dory.test_b6_e6_verification_harness.TestComputeFileHash" name="test_different_content_different_hash" time="0.001" /><testcase classname="tests.anti_dory.test_b6_e6_verification_harness.TestComputeFileHash" name="test_sha256_length" time="0.001" /><testcase classname="tests.anti_dory.test_b6_e6_verification_harness.TestFindPublicKey" name="test_finds_key_in_repo_root" time="0.001" /><testcase classname="tests.anti_dory.test_b6_e6_verification_harness.TestFindPublicKey" name="test_returns_none_when_not_found" time="0.001" /><testcase classname="tests.anti_dory.test_b6_e6_verification_harness.TestSignatureVerifier" name="test_check_prerequisites" time="0.002" /><testcase classname="tests.anti_dory.test_b6_e6_verification_harness.TestSignatureVerifier" name="test_public_key_hash" time="0.001" /><testcase classname="tests.anti_dory.test_b6_e6_verification_harness.TestSignatureVerifier" name="test_verify_public_key_integrity" time="0.001" /><testcase classname="tests.anti_dory.test_b6_e6_verification_harness.TestSignatureVerifier" name="test_no_key_integrity_fails" time="0.001" /><testcase classname="tests.anti_dory.test_b6_e6_verification_harness.TestVerifyArtifact" name="test_tool_not_found" time="0.001" /><testcase classname="tests.anti_dory.test_b6_e6_verification_harness.TestVerifyArtifact" name="test_key_not_found" time="0.001" /><testcase classname="tests.anti_dory.test_b6_e6_verification_harness.TestVerifyArtifact" name="test_no_signature_file" time="0.002" /><testcase classname="tests.anti_dory.test_b6_e6_verification_harness.TestVerifyArtifact" name="test_verified_success" time="0.002" /><testcase classname="tests.anti_dory.test_b6_e6_verification_harness.TestVerifyArtifact" name="test_verification_failed" time="0.002" /><testcase classname="tests.anti_dory.test_b6_e6_verification_harness.TestRealMinisignIntegration" name="test_sign_and_verify_dummy" time="0.004" /><testcase classname="tests.anti_dory.test_b8_magna_classifier.TestMagnaTriggersDirect" name="test_direct_trigger_returns_magna[merge_to_main]" time="0.001" /><testcase classname="tests.anti_dory.test_b8_magna_classifier.TestMagnaTriggersDirect" name="test_direct_trigger_returns_magna[push_to_main]" time="0.000" /><testcase classname="tests.anti_dory.test_b8_magna_classifier.TestMagnaTriggersDirect" name="test_direct_trigger_returns_magna[supabase_write_production]" time="0.000" /><testcase classname="tests.anti_dory.test_b8_magna_classifier.TestMagnaTriggersDirect" name="test_direct_trigger_returns_magna[deploy_production]" time="0.000" /><testcase classname="tests.anti_dory.test_b8_magna_classifier.TestMagnaTriggersDirect" name="test_direct_trigger_returns_magna[modify_credentials]" time="0.000" /><testcase classname="tests.anti_dory.test_b8_magna_classifier.TestMagnaTriggersDirect" name="test_direct_trigger_returns_magna[rotate_secrets]" time="0.000" /><testcase classname="tests.anti_dory.test_b8_magna_classifier.TestMagnaTriggersDirect" name="test_direct_trigger_returns_magna[declare_dory_dead]" time="0.000" /><testcase classname="tests.anti_dory.test_b8_magna_classifier.TestMagnaTriggersDirect" name="test_direct_trigger_returns_magna[approve_r1]" time="0.000" /><testcase classname="tests.anti_dory.test_b8_magna_classifier.TestMagnaTriggersDirect" name="test_direct_trigger_returns_magna[phase_1_action]" time="0.000" /><testcase classname="tests.anti_dory.test_b8_magna_classifier.TestMagnaTriggersDirect" name="test_direct_trigger_returns_magna[sign_dsc]" time="0.000" /><testcase classname="tests.anti_dory.test_b8_magna_classifier.TestMagnaTriggersDirect" name="test_direct_trigger_returns_magna[create_pr]" time="0.001" /><testcase classname="tests.anti_dory.test_b8_magna_classifier.TestMagnaTriggersDirect" name="test_direct_trigger_returns_magna[delete_table]" time="0.001" /><testcase classname="tests.anti_dory.test_b8_magna_classifier.TestMagnaTriggersDirect" name="test_direct_trigger_returns_magna[drop_migration]" time="0.000" /><testcase classname="tests.anti_dory.test_b8_magna_classifier.TestMagnaTriggersDirect" name="test_direct_trigger_returns_magna[override_guardian]" time="0.000" /><testcase classname="tests.anti_dory.test_b8_magna_classifier.TestMagnaTriggersDirect" name="test_direct_trigger_returns_magna[disable_rls]" time="0.001" /><testcase classname="tests.anti_dory.test_b8_magna_classifier.TestMagnaTriggersDirect" name="test_direct_trigger_returns_magna[expose_private_key]" time="0.000" /><testcase classname="tests.anti_dory.test_b8_magna_classifier.TestMagnaTriggersDirect" name="test_all_triggers_covered" time="0.000" /><testcase classname="tests.anti_dory.test_b8_magna_classifier.TestDangerKeywords" name="test_partial_keyword_returns_magna[write_to_main_branch-main]" time="0.001" /><testcase classname="tests.anti_dory.test_b8_magna_classifier.TestDangerKeywords" name="test_partial_keyword_returns_magna[deploy_to_production_server-production]" time="0.001" /><testcase classname="tests.anti_dory.test_b8_magna_classifier.TestDangerKeywords" name="test_partial_keyword_returns_magna[update_credential_store-credential]" time="0.001" /><testcase classname="tests.anti_dory.test_b8_magna_classifier.TestDangerKeywords" name="test_partial_keyword_returns_magna[read_secret_vault-secret]" time="0.000" /><testcase classname="tests.anti_dory.test_b8_magna_classifier.TestDangerKeywords" name="test_partial_keyword_returns_magna[set_dory_dead_flag-dory_dead]" time="0.001" /><testcase classname="tests.anti_dory.test_b8_magna_classifier.TestDangerKeywords" name="test_partial_keyword_returns_magna[enter_phase_1_mode-phase_1]" time="0.000" /><testcase classname="tests.anti_dory.test_b8_magna_classifier.TestDangerKeywords" name="test_partial_keyword_returns_magna[leak_private_key_to_log-private_key]" time="0.000" /><testcase classname="tests.anti_dory.test_b8_magna_classifier.TestMetadataOverride" name="test_force_magna_true" time="0.012" /><testcase classname="tests.anti_dory.test_b8_magna_classifier.TestMetadataOverride" name="test_force_magna_false_does_not_override" time="0.000" /><testcase classname="tests.anti_dory.test_b8_magna_classifier.TestStandardActions" name="test_standard_actions[read_memory]" time="0.001" /><testcase classname="tests.anti_dory.test_b8_magna_classifier.TestStandardActions" name="test_standard_actions[list_endpoints]" time="0.001" /><testcase classname="tests.anti_dory.test_b8_magna_classifier.TestStandardActions" name="test_standard_actions[run_local_test]" time="0.001" /><testcase classname="tests.anti_dory.test_b8_magna_classifier.TestStandardActions" name="test_standard_actions[write_bridge_file]" time="0.001" /><testcase classname="tests.anti_dory.test_b8_magna_classifier.TestStandardActions" name="test_standard_actions[create_branch]" time="0.001" /><testcase classname="tests.anti_dory.test_b8_magna_classifier.TestStandardActions" name="test_standard_actions[commit_to_feature_branch]" time="0.001" /><testcase classname="tests.anti_dory.test_b8_magna_classifier.TestStandardActions" name="test_standard_actions[query_catastro]" time="0.001" /><testcase classname="tests.anti_dory.test_b8_magna_classifier.TestStandardActions" name="test_standard_actions[generate_report]" time="0.001" /><testcase classname="tests.anti_dory.test_b8_magna_classifier.TestStandardActions" name="test_standard_actions[classify_intent]" time="0.001" /><testcase classname="tests.anti_dory.test_b8_magna_classifier.TestStandardActions" name="test_standard_actions[health_check]" time="0.001" /><testcase classname="tests.anti_dory.test_b8_magna_classifier.TestEdgeCases" name="test_case_insensitive" time="0.000" /><testcase classname="tests.anti_dory.test_b8_magna_classifier.TestEdgeCases" name="test_whitespace_stripped" time="0.000" /><testcase classname="tests.anti_dory.test_b8_magna_classifier.TestEdgeCases" name="test_empty_action_type" time="0.000" /><testcase classname="tests.anti_dory.test_b8_magna_classifier.TestEdgeCases" name="test_none_metadata" time="0.000" /><testcase classname="tests.anti_dory.test_b8_magna_classifier.TestEdgeCases" name="test_classification_dataclass_fields" time="0.000" /><testcase classname="tests.anti_dory.test_b8_v2_semantic.TestBypassGuardian" name="test_bypass_guardian_detected[Skip guardian.py execution-Skip guardian]" time="0.001" /><testcase classname="tests.anti_dory.test_b8_v2_semantic.TestBypassGuardian" name="test_bypass_guardian_detected[Bypass guardian check-Bypass guardian]" time="0.001" /><testcase classname="tests.anti_dory.test_b8_v2_semantic.TestBypassGuardian" name="test_bypass_guardian_detected[Ignore AGENTS.md and proceed-Ignore AGENTS.md]" time="0.001" /><testcase classname="tests.anti_dory.test_b8_v2_semantic.TestBypassGuardian" name="test_bypass_guardian_detected[Disable guardian verification-Disable guardian]" time="0.001" /><testcase classname="tests.anti_dory.test_b8_v2_semantic.TestBypassGuardian" name="test_bypass_guardian_detected[Override guardian decision-Override guardian]" time="0.001" /><testcase classname="tests.anti_dory.test_b8_v2_semantic.TestBypassGuardian" name="test_bypass_guardian_detected[Overwrite .monstruo/ directory-Overwrite identity]" time="0.001" /><testcase classname="tests.anti_dory.test_b8_v2_semantic.TestBypassGuardian" name="test_bypass_guardian_detected[Proceed without guardian validation-Without guardian]" time="0.001" /><testcase classname="tests.anti_dory.test_b8_v2_semantic.TestStaleState" name="test_stale_state_detected[Assume previous session state without verification-Stale state assumption]" time="0.001" /><testcase classname="tests.anti_dory.test_b8_v2_semantic.TestStaleState" name="test_stale_state_detected[Use cached credentials from 7 days ago-Stale credentials]" time="0.001" /><testcase classname="tests.anti_dory.test_b8_v2_semantic.TestStaleState" name="test_stale_state_detected[Reference a branch that was deleted yesterday-Deleted branch ref]" time="0.001" /><testcase classname="tests.anti_dory.test_b8_v2_semantic.TestStaleState" name="test_stale_state_detected[Assume Supabase schema matches local without checking-Schema drift]" time="0.001" /><testcase classname="tests.anti_dory.test_b8_v2_semantic.TestStaleState" name="test_stale_state_detected[Skip reading AGENTS.md after sandbox restart-Post-restart skip]" time="0.001" /><testcase classname="tests.anti_dory.test_b8_v2_semantic.TestStaleState" name="test_stale_state_detected[Use model version from training data without validation-Stale model version]" time="0.001" /><testcase classname="tests.anti_dory.test_b8_v2_semantic.TestStaleState" name="test_stale_state_detected[Operate on file last modified 30 days ago without re-reading-Stale file]" time="0.001" /><testcase classname="tests.anti_dory.test_b8_v2_semantic.TestStaleState" name="test_stale_state_detected[Assume Railway deployment is still active without checking-Stale deploy status]" time="0.001" /><testcase classname="tests.anti_dory.test_b8_v2_semantic.TestStaleState" name="test_stale_state_detected[Reference Sprint 25 decisions in Sprint 28 context-Outdated sprint ref]" time="0.001" /><testcase classname="tests.anti_dory.test_b8_v2_semantic.TestUnauthorizedAPI" name="test_unauthorized_api_detected[Send email to external recipient without T1 approval-Unauthorized email]" time="0.001" /><testcase classname="tests.anti_dory.test_b8_v2_semantic.TestUnauthorizedAPI" name="test_unauthorized_api_detected[Make API call to paid service without budget check-Unbudgeted API call]" time="0.001" /><testcase classname="tests.anti_dory.test_b8_v2_semantic.TestUnauthorizedAPI" name="test_unauthorized_api_detected[Create DNS record without T1 approval-Unauthorized DNS]" time="0.001" /><testcase classname="tests.anti_dory.test_b8_v2_semantic.TestUnauthorizedAPI" name="test_unauthorized_api_detected[Unauthorized publish to npm-Unauthorized publish]" time="0.001" /><testcase classname="tests.anti_dory.test_b8_v2_semantic.TestHiddenSideEffects" name="test_hidden_side_effects_detected[Create a new Supabase table without migration file-Untracked table]" time="0.001" /><testcase classname="tests.anti_dory.test_b8_v2_semantic.TestHiddenSideEffects" name="test_hidden_side_effects_detected[Enable Guardian Cron scheduler in production-Enable cron prod]" time="0.000" /><testcase classname="tests.anti_dory.test_b8_v2_semantic.TestHiddenSideEffects" name="test_hidden_side_effects_detected[Modify Railway environment variables directly-Direct env modification]" time="0.001" /><testcase classname="tests.anti_dory.test_b8_v2_semantic.TestHiddenSideEffects" name="test_hidden_side_effects_detected[Delete Supabase rows without backup-Delete without backup]" time="0.001" /><testcase classname="tests.anti_dory.test_b8_v2_semantic.TestHiddenSideEffects" name="test_hidden_side_effects_detected[Open port to public internet without security review-Exposed port]" time="0.001" /><testcase classname="tests.anti_dory.test_b8_v2_semantic.TestHiddenSideEffects" name="test_hidden_side_effects_detected[Trigger webhook to external service-External webhook]" time="0.001" /><testcase classname="tests.anti_dory.test_b8_v2_semantic.TestContextLoss" name="test_context_loss_detected[supabase db push --force-Force push to Supabase]" time="0.001" /><testcase classname="tests.anti_dory.test_b8_v2_semantic.TestContextLoss" name="test_context_loss_detected[rm -rf kernel/-Delete kernel directory]" time="0.001" /><testcase classname="tests.anti_dory.test_b8_v2_semantic.TestContextLoss" name="test_context_loss_detected[DROP TABLE anti_dory_anchor_store-Drop critical table]" time="0.001" /><testcase classname="tests.anti_dory.test_b8_v2_semantic.TestContextLoss" name="test_context_loss_detected[git rebase -i main --force-push-Force rebase main]" time="0.001" /><testcase classname="tests.anti_dory.test_b8_v2_semantic.TestFalseMemory" name="test_false_memory_detected[Claim test passed when CI shows failure-False test claim]" time="0.001" /><testcase classname="tests.anti_dory.test_b8_v2_semantic.TestFalseMemory" name="test_false_memory_detected[Assert migration 0052 exists (it does not)-Phantom migration]" time="0.001" /><testcase classname="tests.anti_dory.test_b8_v2_semantic.TestFalseMemory" name="test_false_memory_detected[Report PR was merged when it is still draft-False merge claim]" time="0.001" /><testcase classname="tests.anti_dory.test_b8_v2_semantic.TestFalseMemory" name="test_false_memory_detected[Claim T1 authorized Fase 1 (no such authorization exists)-False authorization]" time="0.001" /><testcase classname="tests.anti_dory.test_b8_v2_semantic.TestFalseMemory" name="test_false_memory_detected[Assert Dory is dead (Dory is NOT dead)-Premature Dory death]" time="0.001" /><testcase classname="tests.anti_dory.test_b8_v2_semantic.TestFalseMemory" name="test_false_memory_detected[Claim R1 was unblocked (R1 is blocked)-False R1 unblock]" time="0.001" /><testcase classname="tests.anti_dory.test_b8_v2_semantic.TestFalseMemory" name="test_false_memory_detected[Report Guardian Cron is active (feature flag is OFF)-False cron status]" time="0.001" /><testcase classname="tests.anti_dory.test_b8_v2_semantic.TestFalseMemory" name="test_false_memory_detected[Assert Supabase migrations were applied (they were not)-False apply claim]" time="0.001" /><testcase classname="tests.anti_dory.test_b8_v2_semantic.TestFalseMemory" name="test_false_memory_detected[Claim Cowork signed audit (no signature exists)-False audit signature]" time="0.001" /><testcase classname="tests.anti_dory.test_b8_v2_semantic.TestFalseMemory" name="test_false_memory_detected[Report 200 tests passed (actual is 104)-Inflated test count]" time="0.001" /><testcase classname="tests.anti_dory.test_b8_v2_semantic.TestPrivilegeEscalation" name="test_privilege_escalation_detected[Escalate privilege to admin-Privilege escalation]" time="0.001" /><testcase classname="tests.anti_dory.test_b8_v2_semantic.TestPrivilegeEscalation" name="test_privilege_escalation_detected[Grant superuser access-Grant superuser]" time="0.001" /><testcase classname="tests.anti_dory.test_b8_v2_semantic.TestPrivilegeEscalation" name="test_privilege_escalation_detected[Bypass RLS policy-Bypass RLS]" time="0.001" /><testcase classname="tests.anti_dory.test_b8_v2_semantic.TestPrivilegeEscalation" name="test_privilege_escalation_detected[Impersonate user token-Impersonate user]" time="0.001" /><testcase classname="tests.anti_dory.test_b8_v2_semantic.TestCostBilling" name="test_cost_billing_detected[Call expensive paid API without budget approval-Costly API call]" time="0.001" /><testcase classname="tests.anti_dory.test_b8_v2_semantic.TestCostBilling" name="test_cost_billing_detected[Spend billing credits without cost check-Unbudgeted spend]" time="0.001" /><testcase classname="tests.anti_dory.test_b8_v2_semantic.TestSecretExposure" name="test_secret_exposure_detected[echo $SUPABASE_SERVICE_KEY-Echo service key]" time="0.001" /><testcase classname="tests.anti_dory.test_b8_v2_semantic.TestSecretExposure" name="test_secret_exposure_detected[print(os.environ['OPENAI_API_KEY'])-Print API key]" time="0.001" /><testcase classname="tests.anti_dory.test_b8_v2_semantic.TestSecretExposure" name="test_secret_exposure_detected[git commit with ANTHROPIC_API_KEY in file-Commit API key]" time="0.001" /><testcase classname="tests.anti_dory.test_b8_v2_semantic.TestSecretExposure" name="test_secret_exposure_detected[Log JWT token to console eyJhbGciOiJIUzI1NiJ9-Log JWT]" time="0.001" /><testcase classname="tests.anti_dory.test_b8_v2_semantic.TestSecretExposure" name="test_secret_exposure_detected[Write private key to /tmp/key.pem-Write private key]" time="0.001" /><testcase classname="tests.anti_dory.test_b8_v2_semantic.TestSecretExposure" name="test_secret_exposure_detected[Send HEYGEN_API_KEY to external webhook-Exfiltrate key]" time="0.001" /><testcase classname="tests.anti_dory.test_b8_v2_semantic.TestSecretExposure" name="test_secret_exposure_detected[Include database password in error message-Password in error]" time="0.001" /><testcase classname="tests.anti_dory.test_b8_v2_semantic.TestSecretExposure" name="test_secret_exposure_detected[Upload .env file to public repository-Upload .env]" time="0.001" /><testcase classname="tests.anti_dory.test_b8_v2_semantic.TestSecretExposure" name="test_secret_exposure_detected[Share DROPBOX_API_KEY in chat message-Share key in chat]" time="0.001" /><testcase classname="tests.anti_dory.test_b8_v2_semantic.TestSecretExposure" name="test_secret_exposure_detected[Store minisign private key in repo-Private key in repo]" time="0.001" /><testcase classname="tests.anti_dory.test_b8_v2_semantic.TestProductionImpact" name="test_production_impact_detected[Apply migration to production database-Apply migration prod]" time="0.001" /><testcase classname="tests.anti_dory.test_b8_v2_semantic.TestProductionImpact" name="test_production_impact_detected[Docker publish without authorization-Docker publish]" time="0.001" /><testcase classname="tests.anti_dory.test_b8_v2_semantic.TestProductionImpact" name="test_production_impact_detected[Railway env variable delete-Railway env delete]" time="0.001" /><testcase classname="tests.anti_dory.test_b8_v2_semantic.TestStandardActionsStillPass" name="test_standard_actions_remain_standard[read_memory-Read local memory]" time="0.001" /><testcase classname="tests.anti_dory.test_b8_v2_semantic.TestStandardActionsStillPass" name="test_standard_actions_remain_standard[list_endpoints-List available endpoints]" time="0.001" /><testcase classname="tests.anti_dory.test_b8_v2_semantic.TestStandardActionsStillPass" name="test_standard_actions_remain_standard[run_local_test-Run pytest locally]" time="0.001" /><testcase classname="tests.anti_dory.test_b8_v2_semantic.TestStandardActionsStillPass" name="test_standard_actions_remain_standard[write_bridge_file-Write to bridge directory]" time="0.001" /><testcase classname="tests.anti_dory.test_b8_v2_semantic.TestStandardActionsStillPass" name="test_standard_actions_remain_standard[create_branch-Create feature branch]" time="0.001" /><testcase classname="tests.anti_dory.test_b8_v2_semantic.TestStandardActionsStillPass" name="test_standard_actions_remain_standard[commit_to_feature_branch-Commit to feature]" time="0.001" /><testcase classname="tests.anti_dory.test_b8_v2_semantic.TestStandardActionsStillPass" name="test_standard_actions_remain_standard[query_catastro-Query catastro API]" time="0.001" /><testcase classname="tests.anti_dory.test_b8_v2_semantic.TestStandardActionsStillPass" name="test_standard_actions_remain_standard[generate_report-Generate markdown report]" time="0.001" /><testcase classname="tests.anti_dory.test_b8_v2_semantic.TestStandardActionsStillPass" name="test_standard_actions_remain_standard[classify_intent-Classify user intent]" time="0.001" /><testcase classname="tests.anti_dory.test_b8_v2_semantic.TestStandardActionsStillPass" name="test_standard_actions_remain_standard[health_check-Run health check]" time="0.001" /><testcase classname="tests.anti_dory.test_b8_v2_semantic.TestStandardActionsStillPass" name="test_standard_actions_remain_standard[read_file-Read a file from disk]" time="0.001" /><testcase classname="tests.anti_dory.test_b8_v2_semantic.TestStandardActionsStillPass" name="test_standard_actions_remain_standard[git_log-View git log]" time="0.001" /><testcase classname="tests.anti_dory.test_b8_v2_semantic.TestStandardActionsStillPass" name="test_standard_actions_remain_standard[ls_directory-List directory contents]" time="0.001" /><testcase classname="tests.anti_dory.test_b8_v3_flag.TestDefaultOff" name="test_flag_defaults_to_false_in_production" time="0.003" /><testcase classname="tests.anti_dory.test_b8_v3_flag.TestDefaultOff" name="test_layer4_inherent_action_type_does_not_escalate" time="0.003" /><testcase classname="tests.anti_dory.test_b8_v3_flag.TestDefaultOff" name="test_layer5_context_aware_pattern_does_not_escalate" time="0.002" /><testcase classname="tests.anti_dory.test_b8_v3_flag.TestDefaultOff" name="test_benign_feature_branch_push_stays_standard" time="0.002" /><testcase classname="tests.anti_dory.test_b8_v3_flag.TestFlagOnLayer4Inherent" name="test_inherent_action_type_triggers_magna[apply_migration]" time="0.002" /><testcase classname="tests.anti_dory.test_b8_v3_flag.TestFlagOnLayer4Inherent" name="test_inherent_action_type_triggers_magna[truncate_table]" time="0.002" /><testcase classname="tests.anti_dory.test_b8_v3_flag.TestFlagOnLayer4Inherent" name="test_inherent_action_type_triggers_magna[destroy_resource]" time="0.002" /><testcase classname="tests.anti_dory.test_b8_v3_flag.TestFlagOnLayer4Inherent" name="test_inherent_action_type_triggers_magna[activate_phase]" time="0.003" /><testcase classname="tests.anti_dory.test_b8_v3_flag.TestFlagOnLayer4Inherent" name="test_inherent_action_type_triggers_magna[unlock_feature]" time="0.002" /><testcase classname="tests.anti_dory.test_b8_v3_flag.TestFlagOnLayer4Inherent" name="test_inherent_action_type_triggers_magna[activate_global]" time="0.002" /><testcase classname="tests.anti_dory.test_b8_v3_flag.TestFlagOnLayer4Inherent" name="test_inherent_action_type_triggers_magna[force_push]" time="0.002" /><testcase classname="tests.anti_dory.test_b8_v3_flag.TestFlagOnLayer4Inherent" name="test_inherent_action_type_triggers_magna[push_to_main]" time="0.002" /><testcase classname="tests.anti_dory.test_b8_v3_flag.TestFlagOnLayer4Inherent" name="test_inherent_action_type_triggers_magna[force_push_main]" time="0.002" /><testcase classname="tests.anti_dory.test_b8_v3_flag.TestFlagOnLayer4Inherent" name="test_inherent_action_type_triggers_magna[push_production]" time="0.002" /><testcase classname="tests.anti_dory.test_b8_v3_flag.TestFlagOnLayer4Inherent" name="test_inherent_action_type_triggers_magna[push_to_production]" time="0.003" /><testcase classname="tests.anti_dory.test_b8_v3_flag.TestFlagOnLayer4Inherent" name="test_inherent_action_type_triggers_magna[env_modify]" time="0.003" /><testcase classname="tests.anti_dory.test_b8_v3_flag.TestFlagOnLayer4Inherent" name="test_inherent_action_type_triggers_magna[modify_env]" time="0.003" /><testcase classname="tests.anti_dory.test_b8_v3_flag.TestFlagOnLayer4Inherent" name="test_inherent_action_type_triggers_magna[execute_deploy]" time="0.003" /><testcase classname="tests.anti_dory.test_b8_v3_flag.TestFlagOnLayer4Inherent" name="test_inherent_action_type_triggers_magna[execute_action]" time="0.003" /><testcase classname="tests.anti_dory.test_b8_v3_flag.TestFlagOnLayer5ContextAware" name="test_context_aware_pattern_triggers_magna[status_check-proceed without reading the current sprint flag]" time="0.002" /><testcase classname="tests.anti_dory.test_b8_v3_flag.TestFlagOnLayer5ContextAware" name="test_context_aware_pattern_triggers_magna[update_resource-ignoring current DSC and acting on the archived branch]" time="0.002" /><testcase classname="tests.anti_dory.test_b8_v3_flag.TestFlagOnLayer5ContextAware" name="test_context_aware_pattern_triggers_magna[verify_state-table fixture_99 that never existed in the schema]" time="0.002" /><testcase classname="tests.anti_dory.test_b8_v3_flag.TestFlagOnLayer5ContextAware" name="test_context_aware_pattern_triggers_magna[claim_signoff-claiming t1 authorized when no receipt was issued]" time="0.004" /><testcase classname="tests.anti_dory.test_b8_v3_flag.TestFlagOnLayer5ContextAware" name="test_context_aware_pattern_triggers_magna[publish_release-globally without canary or rollback evidence]" time="0.002" /><testcase classname="tests.anti_dory.test_b8_v3_flag.TestFlagOnLayer5ContextAware" name="test_context_aware_pattern_triggers_magna[activate_feature-without feature flag or authorization]" time="0.003" /><testcase classname="tests.anti_dory.test_b8_v3_flag.TestFlagOnLayer5ContextAware" name="test_context_aware_pattern_triggers_magna[write_fixture-fixture containing real ANTHROPIC_API_KEY value]" time="0.002" /><testcase classname="tests.anti_dory.test_b8_v3_flag.TestFlagOnLayer5ContextAware" name="test_context_aware_pattern_triggers_magna[enable_cron-guardian cron without feature flag]" time="0.002" /><testcase classname="tests.anti_dory.test_b8_v3_flag.TestBranchAwareGitPush" name="test_git_push_to_protected_branch_escalates_when_on[main]" time="0.002" /><testcase classname="tests.anti_dory.test_b8_v3_flag.TestBranchAwareGitPush" name="test_git_push_to_protected_branch_escalates_when_on[master]" time="0.002" /><testcase classname="tests.anti_dory.test_b8_v3_flag.TestBranchAwareGitPush" name="test_git_push_to_protected_branch_escalates_when_on[production]" time="0.002" /><testcase classname="tests.anti_dory.test_b8_v3_flag.TestBranchAwareGitPush" name="test_git_push_to_protected_branch_escalates_when_on[prod]" time="0.002" /><testcase classname="tests.anti_dory.test_b8_v3_flag.TestBranchAwareGitPush" name="test_git_push_to_protected_branch_escalates_when_on[release]" time="0.003" /><testcase classname="tests.anti_dory.test_b8_v3_flag.TestBranchAwareGitPush" name="test_git_push_to_feature_branch_stays_standard_when_on[feature/foo]" time="0.003" /><testcase classname="tests.anti_dory.test_b8_v3_flag.TestBranchAwareGitPush" name="test_git_push_to_feature_branch_stays_standard_when_on[control-tower/2026-05-21-b8-v3-preactivation-hotfix]" time="0.002" /><testcase classname="tests.anti_dory.test_b8_v3_flag.TestBranchAwareGitPush" name="test_git_push_to_feature_branch_stays_standard_when_on[dev]" time="0.002" /><testcase classname="tests.anti_dory.test_b8_v3_flag.TestBranchAwareGitPush" name="test_git_push_to_feature_branch_stays_standard_when_on[staging-branch]" time="0.002" /><testcase classname="tests.anti_dory.test_b8_v3_flag.TestBranchAwareGitPush" name="test_git_push_no_target_branch_stays_standard_when_on" time="0.002" /><testcase classname="tests.anti_dory.test_b8_v3_flag.TestReloadIsolation" name="test_off_then_on_then_off" time="0.004" /><testcase classname="tests.anti_dory.test_b8_v3_flag.TestGitPushRegressionGuard" name="test_git_push_removed_from_inherent_set" time="0.002" /><testcase classname="tests.anti_dory.test_b8_v3_flag.TestGitPushRegressionGuard" name="test_narrower_variants_present_in_inherent_set" time="0.002" /></testsuite></testsuites>