<?xml version="1.0" encoding="utf-8"?><testsuites name="pytest tests"><testsuite name="pytest" errors="0" failures="0" skipped="0" tests="41" time="0.056" timestamp="2026-05-21T01:13:59.013078-04:00" hostname="1b83b87a4b61"><testcase classname="tests.anti_dory.test_b8_magna_classifier.TestMagnaTriggersDirect" name="test_direct_trigger_returns_magna[merge_to_main]" time="0.001" /><testcase classname="tests.anti_dory.test_b8_magna_classifier.TestMagnaTriggersDirect" name="test_direct_trigger_returns_magna[push_to_main]" time="0.001" /><testcase classname="tests.anti_dory.test_b8_magna_classifier.TestMagnaTriggersDirect" name="test_direct_trigger_returns_magna[supabase_write_production]" time="0.000" /><testcase classname="tests.anti_dory.test_b8_magna_classifier.TestMagnaTriggersDirect" name="test_direct_trigger_returns_magna[deploy_production]" time="0.000" /><testcase classname="tests.anti_dory.test_b8_magna_classifier.TestMagnaTriggersDirect" name="test_direct_trigger_returns_magna[modify_credentials]" time="0.000" /><testcase classname="tests.anti_dory.test_b8_magna_classifier.TestMagnaTriggersDirect" name="test_direct_trigger_returns_magna[rotate_secrets]" time="0.000" /><testcase classname="tests.anti_dory.test_b8_magna_classifier.TestMagnaTriggersDirect" name="test_direct_trigger_returns_magna[declare_dory_dead]" time="0.000" /><testcase classname="tests.anti_dory.test_b8_magna_classifier.TestMagnaTriggersDirect" name="test_direct_trigger_returns_magna[approve_r1]" time="0.000" /><testcase classname="tests.anti_dory.test_b8_magna_classifier.TestMagnaTriggersDirect" name="test_direct_trigger_returns_magna[phase_1_action]" time="0.000" /><testcase classname="tests.anti_dory.test_b8_magna_classifier.TestMagnaTriggersDirect" name="test_direct_trigger_returns_magna[sign_dsc]" time="0.000" /><testcase classname="tests.anti_dory.test_b8_magna_classifier.TestMagnaTriggersDirect" name="test_direct_trigger_returns_magna[create_pr]" time="0.000" /><testcase classname="tests.anti_dory.test_b8_magna_classifier.TestMagnaTriggersDirect" name="test_direct_trigger_returns_magna[delete_table]" time="0.000" /><testcase classname="tests.anti_dory.test_b8_magna_classifier.TestMagnaTriggersDirect" name="test_direct_trigger_returns_magna[drop_migration]" time="0.000" /><testcase classname="tests.anti_dory.test_b8_magna_classifier.TestMagnaTriggersDirect" name="test_direct_trigger_returns_magna[override_guardian]" time="0.000" /><testcase classname="tests.anti_dory.test_b8_magna_classifier.TestMagnaTriggersDirect" name="test_direct_trigger_returns_magna[disable_rls]" time="0.000" /><testcase classname="tests.anti_dory.test_b8_magna_classifier.TestMagnaTriggersDirect" name="test_direct_trigger_returns_magna[expose_private_key]" time="0.000" /><testcase classname="tests.anti_dory.test_b8_magna_classifier.TestMagnaTriggersDirect" name="test_all_triggers_covered" time="0.000" /><testcase classname="tests.anti_dory.test_b8_magna_classifier.TestDangerKeywords" name="test_partial_keyword_returns_magna[write_to_main_branch-main]" time="0.001" /><testcase classname="tests.anti_dory.test_b8_magna_classifier.TestDangerKeywords" name="test_partial_keyword_returns_magna[deploy_to_production_server-production]" time="0.001" /><testcase classname="tests.anti_dory.test_b8_magna_classifier.TestDangerKeywords" name="test_partial_keyword_returns_magna[update_credential_store-credential]" time="0.001" /><testcase classname="tests.anti_dory.test_b8_magna_classifier.TestDangerKeywords" name="test_partial_keyword_returns_magna[read_secret_vault-secret]" time="0.001" /><testcase classname="tests.anti_dory.test_b8_magna_classifier.TestDangerKeywords" name="test_partial_keyword_returns_magna[set_dory_dead_flag-dory_dead]" time="0.001" /><testcase classname="tests.anti_dory.test_b8_magna_classifier.TestDangerKeywords" name="test_partial_keyword_returns_magna[enter_phase_1_mode-phase_1]" time="0.001" /><testcase classname="tests.anti_dory.test_b8_magna_classifier.TestDangerKeywords" name="test_partial_keyword_returns_magna[leak_private_key_to_log-private_key]" time="0.001" /><testcase classname="tests.anti_dory.test_b8_magna_classifier.TestMetadataOverride" name="test_force_magna_true" time="0.000" /><testcase classname="tests.anti_dory.test_b8_magna_classifier.TestMetadataOverride" name="test_force_magna_false_does_not_override" time="0.000" /><testcase classname="tests.anti_dory.test_b8_magna_classifier.TestStandardActions" name="test_standard_actions[read_memory]" time="0.000" /><testcase classname="tests.anti_dory.test_b8_magna_classifier.TestStandardActions" name="test_standard_actions[list_endpoints]" time="0.000" /><testcase classname="tests.anti_dory.test_b8_magna_classifier.TestStandardActions" name="test_standard_actions[run_local_test]" time="0.000" /><testcase classname="tests.anti_dory.test_b8_magna_classifier.TestStandardActions" name="test_standard_actions[write_bridge_file]" time="0.000" /><testcase classname="tests.anti_dory.test_b8_magna_classifier.TestStandardActions" name="test_standard_actions[create_branch]" time="0.000" /><testcase classname="tests.anti_dory.test_b8_magna_classifier.TestStandardActions" name="test_standard_actions[commit_to_feature_branch]" time="0.000" /><testcase classname="tests.anti_dory.test_b8_magna_classifier.TestStandardActions" name="test_standard_actions[query_catastro]" time="0.000" /><testcase classname="tests.anti_dory.test_b8_magna_classifier.TestStandardActions" name="test_standard_actions[generate_report]" time="0.000" /><testcase classname="tests.anti_dory.test_b8_magna_classifier.TestStandardActions" name="test_standard_actions[classify_intent]" time="0.000" /><testcase classname="tests.anti_dory.test_b8_magna_classifier.TestStandardActions" name="test_standard_actions[health_check]" time="0.000" /><testcase classname="tests.anti_dory.test_b8_magna_classifier.TestEdgeCases" name="test_case_insensitive" time="0.000" /><testcase classname="tests.anti_dory.test_b8_magna_classifier.TestEdgeCases" name="test_whitespace_stripped" time="0.000" /><testcase classname="tests.anti_dory.test_b8_magna_classifier.TestEdgeCases" name="test_empty_action_type" time="0.000" /><testcase classname="tests.anti_dory.test_b8_magna_classifier.TestEdgeCases" name="test_none_metadata" time="0.000" /><testcase classname="tests.anti_dory.test_b8_magna_classifier.TestEdgeCases" name="test_classification_dataclass_fields" time="0.000" /></testsuite></testsuites>